<?xml version="1.0" encoding="UTF-8"?>
<testsuite xmlns:xsi="http://www.w3.org/2001/XMLSchema-instance" xsi:noNamespaceSchemaLocation="https://maven.apache.org/surefire/maven-surefire-plugin/xsd/surefire-test-report-3.0.xsd" version="3.0" name="rompecabezas.mundo.FichaTest" time="0.132" tests="5" errors="0" skipped="0" failures="0">
  <properties>
[...]
</properties>
  <testcase name="testFicha" classname="rompecabezas.mundo.FichaTest" time="0"/>
  <testcase name="testCompararPorRegion" classname="rompecabezas.mundo.FichaTest" time="0.016"/>
  <testcase name="testCompararPorColumna" classname="rompecabezas.mundo.FichaTest" time="0"/>
  <testcase name="testCompararPorPosicion" classname="rompecabezas.mundo.FichaTest" time="0"/>
  <testcase name="testCompararPorFila" classname="rompecabezas.mundo.FichaTest" time="0"/>
</testsuite>